[0m04:34:51.638543 [debug] [MainThread]: Sending event: {'category': 'dbt', 'action': 'invocation', 'label': 'start', 'context': [<snowplow_tracker.self_describing_json.SelfDescribingJson object at 0x7dc4f40c8ec0>, <snowplow_tracker.self_describing_json.SelfDescribingJson object at 0x7dc4f1c68170>, <snowplow_tracker.self_describing_json.SelfDescribingJson object at 0x7dc4f40da480>]}


============================== 04:34:51.645960 | b3ba8215-98ad-4b56-a4e8-fd930239897b ==============================
[0m04:34:51.645960 [info ] [MainThread]: Running with dbt=1.11.12
[0m04:34:51.647353 [debug] [MainThread]: running dbt with arguments {'fail_fast': 'False', 'log_cache_events': 'False', 'printer_width': '80', 'no_print': 'None', 'static_parser': 'True', 'use_experimental_parser': 'False', 'invocation_command': 'dbt init', 'target_path': 'None', 'log_path': 'logs', 'introspect': 'True', 'use_colors': 'True', 'cache_selected_only': 'False', 'indirect_selection': 'eager', 'debug': 'False', 'send_anonymous_usage_stats': 'True', 'version_check': 'True', 'warn_error': 'None', 'warn_error_options': 'WarnErrorOptionsV2(error=[], warn=[], silence=[])', 'write_json': 'True', 'partial_parse': 'True', 'profiles_dir': '/home/codespace/.dbt', 'empty': 'None', 'log_format': 'default', 'quiet': 'False'}
[0m04:34:51.664934 [info ] [MainThread]: Creating dbt configuration folder at /home/codespace/.dbt
[0m04:38:27.194246 [debug] [MainThread]: Starter project path: /workspaces/DW_lab_6730204877/.venv/lib/python3.12/site-packages/dbt/include/starter_project
[0m04:38:27.200694 [info ] [MainThread]: 
Your new dbt project "nortwind_dw_duckdb" was created!

For more information on how to configure the profiles.yml file,
please consult the dbt documentation here:

  https://docs.getdbt.com/docs/configure-your-profile

One more thing:

Need help? Don't hesitate to reach out to us via GitHub issues or on Slack:

  https://community.getdbt.com/

Happy modeling!

[0m04:38:27.201766 [info ] [MainThread]: Setting up your profile.
[0m04:40:39.909906 [info ] [MainThread]: Profile nortwind_dw_duckdb written to /home/codespace/.dbt/profiles.yml using target's sample configuration. Once updated, you'll be able to start developing with dbt.
[0m04:40:39.911521 [debug] [MainThread]: Resource report: {"command_name": "init", "command_success": true, "command_wall_clock_time": 348.37003, "process_in_blocks": "6096", "process_kernel_time": 0.217924, "process_mem_max_rss": "139148", "process_out_blocks": "88", "process_user_time": 1.724578}
[0m04:40:39.912514 [debug] [MainThread]: Command `dbt init` succeeded at 04:40:39.912352 after 348.37 seconds
[0m04:40:39.913111 [debug] [MainThread]: Sending event: {'category': 'dbt', 'action': 'invocation', 'label': 'end', 'context': [<snowplow_tracker.self_describing_json.SelfDescribingJson object at 0x7dc4f1277830>, <snowplow_tracker.self_describing_json.SelfDescribingJson object at 0x7dc4f1376990>, <snowplow_tracker.self_describing_json.SelfDescribingJson object at 0x7dc4f1d6fe60>]}
[0m04:40:39.913704 [debug] [MainThread]: Flushing usage events
[0m04:40:40.928353 [debug] [MainThread]: An error was encountered while trying to flush usage events
